Unity Editor version:    2022.3.12f1 (4fe6e059c7ef)
Branch:                  2022.3/release
Build type:              Release
Batch mode:              YES
macOS version:           Version 14.3.1 (Build 23D60)
Darwin version:          23.3.0
Architecture:            arm64
Running under Rosetta:   NO
Available memory:        8192 MB
Using pre-set license
Pro License: YES

COMMAND LINE ARGUMENTS:
/Applications/Unity/Hub/Editor/2022.3.12f1/Unity.app/Contents/MacOS/Unity
-adb2
-batchMode
-noUpm
-name
AssetImportWorker0
-projectPath
/Users/admin/!!Copluk/Github/Unity-Archive/3d puzzle
-logFile
Logs/AssetImportWorker0.log
-srvPort
51590
Successfully changed project path to: /Users/admin/!!Copluk/Github/Unity-Archive/3d puzzle
/Users/admin/!!Copluk/Github/Unity-Archive/3d puzzle
[UnityMemory] Configuration Parameters - Can be set up in boot.config
    "memorysetup-bucket-allocator-granularity=16"
    "memorysetup-bucket-allocator-bucket-count=8"
    "memorysetup-bucket-allocator-block-size=33554432"
    "memorysetup-bucket-allocator-block-count=8"
    "memorysetup-main-allocator-block-size=16777216"
    "memorysetup-thread-allocator-block-size=16777216"
    "memorysetup-gfx-main-allocator-block-size=16777216"
    "memorysetup-gfx-thread-allocator-block-size=16777216"
    "memorysetup-cache-allocator-block-size=4194304"
    "memorysetup-typetree-allocator-block-size=2097152"
    "memorysetup-profiler-bucket-allocator-granularity=16"
    "memorysetup-profiler-bucket-allocator-bucket-count=8"
    "memorysetup-profiler-bucket-allocator-block-size=33554432"
    "memorysetup-profiler-bucket-allocator-block-count=8"
    "memorysetup-profiler-allocator-block-size=16777216"
    "memorysetup-profiler-editor-allocator-block-size=1048576"
    "memorysetup-temp-allocator-size-main=16777216"
    "memorysetup-job-temp-allocator-block-size=2097152"
    "memorysetup-job-temp-allocator-block-size-background=1048576"
    "memorysetup-job-temp-allocator-reduction-small-platforms=262144"
    "memorysetup-allocator-temp-initial-block-size-main=262144"
    "memorysetup-allocator-temp-initial-block-size-worker=262144"
    "memorysetup-temp-allocator-size-background-worker=32768"
    "memorysetup-temp-allocator-size-job-worker=262144"
    "memorysetup-temp-allocator-size-preload-manager=33554432"
    "memorysetup-temp-allocator-size-nav-mesh-worker=65536"
    "memorysetup-temp-allocator-size-audio-worker=65536"
    "memorysetup-temp-allocator-size-cloud-worker=32768"
    "memorysetup-temp-allocator-size-gi-baking-worker=262144"
    "memorysetup-temp-allocator-size-gfx=262144"
Player connection [8028036160] Host "[IP] 192.168.1.40 [Port] 0 [Flags] 2 [Guid] 3670103461 [EditorId] 3670103461 [Version] 1048832 [Id] OSXEditor(0,Admin-Dizustu-Bilgisayar.local) [Debug] 1 [PackageName] OSXEditor [ProjectName] Editor" joined multi-casting on [225.0.0.222:54997]...

Player connection [8028036160] Host "[IP] 192.168.1.40 [Port] 0 [Flags] 2 [Guid] 3670103461 [EditorId] 3670103461 [Version] 1048832 [Id] OSXEditor(0,Admin-Dizustu-Bilgisayar.local) [Debug] 1 [PackageName] OSXEditor [ProjectName] Editor" joined alternative multi-casting on [225.0.0.222:34997]...

[Physics::Module] Initialized MultithreadedJobDispatcher with 7 workers.
Refreshing native plugins compatible for Editor in 12.25 ms, found 2 plugins.
Preloading 0 native plugins for Editor in 0.00 ms.
Initialize engine version: 2022.3.12f1 (4fe6e059c7ef)
[Subsystems] Discovering subsystems at path /Applications/Unity/Hub/Editor/2022.3.12f1/Unity.app/Contents/Resources/UnitySubsystems
[Subsystems] Discovering subsystems at path /Users/admin/!!Copluk/Github/Unity-Archive/3d puzzle/Assets
GfxDevice: creating device client; threaded=0; jobified=0
 preferred device: Apple M2 (high power)
Metal devices available: 1
0: Apple M2 (high power)
Using device Apple M2 (high power)
Initializing Metal device caps: Apple M2
Initialize mono
Mono path[0] = '/Applications/Unity/Hub/Editor/2022.3.12f1/Unity.app/Contents/Managed'
Mono path[1] = '/Applications/Unity/Hub/Editor/2022.3.12f1/Unity.app/Contents/MonoBleedingEdge/lib/mono/unityjit-macos'
Mono config path = '/Applications/Unity/Hub/Editor/2022.3.12f1/Unity.app/Contents/MonoBleedingEdge/etc'
Using monoOptions --debugger-agent=transport=dt_socket,embedding=1,server=y,suspend=n,address=127.0.0.1:56685
Begin MonoManager ReloadAssembly
Registering precompiled unity dll's ...
Register platform support module: /Applications/Unity/Hub/Editor/2022.3.12f1/Unity.app/Contents/PlaybackEngines/MacStandaloneSupport/UnityEditor.OSXStandalone.Extensions.dll
Register platform support module: /Applications/Unity/Hub/Editor/2022.3.12f1/PlaybackEngines/AndroidPlayer/UnityEditor.Android.Extensions.dll
Register platform support module: /Applications/Unity/Hub/Editor/2022.3.12f1/PlaybackEngines/iOSSupport/UnityEditor.iOS.Extensions.dll
Register platform support module: /Applications/Unity/Hub/Editor/2022.3.12f1/PlaybackEngines/WindowsStandaloneSupport/UnityEditor.WindowsStandalone.Extensions.dll
Registered in 0.005590 seconds.
- Loaded All Assemblies, in  0.245 seconds
Native extension for WindowsStandalone target not found
[usbmuxd] Start listen thread
[usbmuxd] Listen thread started
[usbmuxd] Send listen message
Native extension for iOS target not found
Native extension for Android target not found
Android Extension - Scanning For ADB Devices 48 ms
Native extension for OSXStandalone target not found
Mono: successfully reloaded assembly
- Finished resetting the current domain, in  0.273 seconds
Domain Reload Profiling: 519ms
	BeginReloadAssembly (83ms)
		ExecutionOrderSort (0ms)
		DisableScriptedObjects (0ms)
		BackupInstance (0ms)
		ReleaseScriptingObjects (0ms)
		CreateAndSetChildDomain (1ms)
	RebuildCommonClasses (22ms)
	RebuildNativeTypeToScriptingClass (7ms)
	initialDomainReloadingComplete (32ms)
	LoadAllAssembliesAndSetupDomain (100ms)
		LoadAssemblies (84ms)
		RebuildTransferFunctionScriptingTraits (0ms)
		AnalyzeDomain (98ms)
			TypeCache.Refresh (97ms)
				TypeCache.ScanAssembly (87ms)
			ScanForSourceGeneratedMonoScriptInfo (0ms)
			ResolveRequiredComponents (0ms)
	FinalizeReload (274ms)
		ReleaseScriptCaches (0ms)
		RebuildScriptCaches (0ms)
		SetupLoadedEditorAssemblies (240ms)
			LogAssemblyErrors (0ms)
			InitializePlatformSupportModulesInManaged (171ms)
			SetLoadedEditorAssemblies (2ms)
			RefreshPlugins (0ms)
			BeforeProcessingInitializeOnLoad (1ms)
			ProcessInitializeOnLoadAttributes (44ms)
			ProcessInitializeOnLoadMethodAttributes (22ms)
			AfterProcessingInitializeOnLoad (0ms)
			EditorAssembliesLoaded (0ms)
		ExecutionOrderSort2 (0ms)
		AwakeInstancesAfterBackupRestoration (0ms)
========================================================================
Worker process is ready to serve import requests
Begin MonoManager ReloadAssembly
- Loaded All Assemblies, in  0.406 seconds
Refreshing native plugins compatible for Editor in 0.66 ms, found 2 plugins.
Native extension for WindowsStandalone target not found
Native extension for iOS target not found
Native extension for Android target not found
Native extension for OSXStandalone target not found
Package Manager log level set to [2]
[Package Manager] Server::EnsureServerProcessIsRunning -- launch failed, reason: Unity was launched with the -noUpm command-line argument
[Package Manager] UpmClient::Send -- Unable to send message (not connected to UPM process).
[Package Manager] Cannot connect to Unity Package Manager local server
Mono: successfully reloaded assembly
- Finished resetting the current domain, in  0.338 seconds
Domain Reload Profiling: 745ms
	BeginReloadAssembly (78ms)
		ExecutionOrderSort (0ms)
		DisableScriptedObjects (3ms)
		BackupInstance (0ms)
		ReleaseScriptingObjects (0ms)
		CreateAndSetChildDomain (18ms)
	RebuildCommonClasses (21ms)
	RebuildNativeTypeToScriptingClass (7ms)
	initialDomainReloadingComplete (20ms)
	LoadAllAssembliesAndSetupDomain (281ms)
		LoadAssemblies (179ms)
		RebuildTransferFunctionScriptingTraits (0ms)
		AnalyzeDomain (137ms)
			TypeCache.Refresh (122ms)
				TypeCache.ScanAssembly (102ms)
			ScanForSourceGeneratedMonoScriptInfo (9ms)
			ResolveRequiredComponents (6ms)
	FinalizeReload (338ms)
		ReleaseScriptCaches (0ms)
		RebuildScriptCaches (0ms)
		SetupLoadedEditorAssemblies (246ms)
			LogAssemblyErrors (0ms)
			InitializePlatformSupportModulesInManaged (16ms)
			SetLoadedEditorAssemblies (2ms)
			RefreshPlugins (0ms)
			BeforeProcessingInitializeOnLoad (30ms)
			ProcessInitializeOnLoadAttributes (159ms)
			ProcessInitializeOnLoadMethodAttributes (37ms)
			AfterProcessingInitializeOnLoad (1ms)
			EditorAssembliesLoaded (0ms)
		ExecutionOrderSort2 (0ms)
		AwakeInstancesAfterBackupRestoration (2ms)
Launching external process: /Applications/Unity/Hub/Editor/2022.3.12f1/Unity.app/Contents/Tools/UnityShaderCompiler
Launched and connected shader compiler UnityShaderCompiler after 0.07 seconds
Refreshing native plugins compatible for Editor in 1.21 ms, found 2 plugins.
Preloading 0 native plugins for Editor in 0.00 ms.
Unloading 4925 Unused Serialized files (Serialized files now loaded: 0)
Unloading 76 unused Assets / (0.7 MB). Loaded Objects now: 5376.
Memory consumption went from 211.4 MB to 210.7 MB.
Total: 2.959292 ms (FindLiveObjects: 0.202250 ms CreateObjectMapping: 0.079125 ms MarkObjects: 2.421042 ms  DeleteObjects: 0.256209 ms)

AssetImportParameters requested are different than current active one (requested -> active):
  custom:container-demuxer-ogg: 62fdf1f143b41e24485cea50d1cbac27 -> 
  custom:video-decoder-ogg-theora: a1e56fd34408186e4bbccfd4996cb3dc -> 
  custom:CustomObjectIndexerAttribute: a3ef5dd2817f97addfee359851a9dba5 -> 
  custom:container-demuxer-webm: 4f35f7cbe854078d1ac9338744f61a02 -> 
  custom:container-muxer-webm: aa71ff27fc2769a1b78a27578f13a17b -> 
  custom:video-decoder-webm-vp8: 9c59270c3fd7afecdb556c50c9e8de78 -> 
  custom:SearchIndexIgnoredProperties: e643bd26f0fe6173181afceb89e7c659 -> 
  custom:AudioImporter_EditorPlatform: 3918e3fc78b5a79bad01e8451be0beb8 -> 
  custom:framework-osx-AVFoundation: e770b220cccbd017edd2c1fefb359320 -> 
  custom:video-encoder-webm-vp8: eb34c28f22e8b96e1ab97ce403110664 -> 
  custom:audio-decoder-ogg-vorbis: bf7c407c2cedff20999df2af8eb42d56 -> 
  custom:audio-encoder-webm-vorbis: bf7c407c2cedff20999df2af8eb42d56 -> 
========================================================================
Received Import Request.
  Time since last request: 30823.439129 seconds.
  path: Assets/Software/Scenes/Village
  artifactKey: Guid(944324e96876148679335ea327ebb62b) Importer(815301076,1909f56bfc062723c751e8b465ee728b)
Start importing Assets/Software/Scenes/Village using Guid(944324e96876148679335ea327ebb62b) Importer(815301076,1909f56bfc062723c751e8b465ee728b)  -> (artifact id: 'f416d69913102d366be8c92c5d2dcfa3') in 0.002028 seconds
Number of updated asset objects reloaded before import = 0
Number of asset objects unloaded after import = 0
========================================================================
Received Import Request.
  Time since last request: 488.758504 seconds.
  path: Assets/Art/Free/RPGPP_LT/Models/Props
  artifactKey: Guid(c4780675555bd284c889294acc0f87d6) Importer(815301076,1909f56bfc062723c751e8b465ee728b)
Start importing Assets/Art/Free/RPGPP_LT/Models/Props using Guid(c4780675555bd284c889294acc0f87d6) Importer(815301076,1909f56bfc062723c751e8b465ee728b)  -> (artifact id: 'a1ccd7d08f125df49972ea9ff121bc9a') in 0.008830 seconds
Number of updated asset objects reloaded before import = 0
Number of asset objects unloaded after import = 0
========================================================================
Received Import Request.
  Time since last request: 0.035795 seconds.
  path: Assets/Art/Free/RPGPP_LT/Models/Props/rpgpp_lt_banner_01a.fbx
  artifactKey: Guid(d7113c6e2a0f65c4abdb33666078052f) Importer(815301076,1909f56bfc062723c751e8b465ee728b)
Start importing Assets/Art/Free/RPGPP_LT/Models/Props/rpgpp_lt_banner_01a.fbx using Guid(d7113c6e2a0f65c4abdb33666078052f) Importer(815301076,1909f56bfc062723c751e8b465ee728b)  -> (artifact id: '06721ede235aa2b624e283957f5fcbc2') in 0.574493 seconds
Number of updated asset objects reloaded before import = 0
Number of asset objects unloaded after import = 9
========================================================================
Received Import Request.
  Time since last request: 0.000034 seconds.
  path: Assets/Art/Free/RPGPP_LT/Models/Props/rpgpp_lt_barrel_01.fbx
  artifactKey: Guid(caf770415cf8b3745b977df80c57628b) Importer(815301076,1909f56bfc062723c751e8b465ee728b)
Start importing Assets/Art/Free/RPGPP_LT/Models/Props/rpgpp_lt_barrel_01.fbx using Guid(caf770415cf8b3745b977df80c57628b) Importer(815301076,1909f56bfc062723c751e8b465ee728b)  -> (artifact id: '922008bf1800d55ff778e68674a1d496') in 0.009449 seconds
Number of updated asset objects reloaded before import = 0
Number of asset objects unloaded after import = 8
========================================================================
Received Import Request.
  Time since last request: 0.000078 seconds.
  path: Assets/Art/Free/RPGPP_LT/Models/Props/rpgpp_lt_well_01.fbx
  artifactKey: Guid(54708add4b909204cb861ed2bd2cfcdf) Importer(815301076,1909f56bfc062723c751e8b465ee728b)
Start importing Assets/Art/Free/RPGPP_LT/Models/Props/rpgpp_lt_well_01.fbx using Guid(54708add4b909204cb861ed2bd2cfcdf) Importer(815301076,1909f56bfc062723c751e8b465ee728b)  -> (artifact id: 'c091608a389a9e69074d8db61905310d') in 0.007650 seconds
Number of updated asset objects reloaded before import = 0
Number of asset objects unloaded after import = 8
========================================================================
Received Import Request.
  Time since last request: 0.000028 seconds.
  path: Assets/Art/Free/RPGPP_LT/Models/Props/rpgpp_lt_vase_01.fbx
  artifactKey: Guid(9bd069d17b875254f9fc1eeccdd647b4) Importer(815301076,1909f56bfc062723c751e8b465ee728b)
Start importing Assets/Art/Free/RPGPP_LT/Models/Props/rpgpp_lt_vase_01.fbx using Guid(9bd069d17b875254f9fc1eeccdd647b4) Importer(815301076,1909f56bfc062723c751e8b465ee728b)  -> (artifact id: '2515c57e345c3add05d0173665197450') in 0.006712 seconds
Number of updated asset objects reloaded before import = 0
Number of asset objects unloaded after import = 8
========================================================================
Received Import Request.
  Time since last request: 0.000095 seconds.
  path: Assets/Art/Free/RPGPP_LT/Models/Props/rpgpp_lt_chair_01a.fbx
  artifactKey: Guid(c7acbad2649a15647a7a4dfd8cceb5ac) Importer(815301076,1909f56bfc062723c751e8b465ee728b)
Start importing Assets/Art/Free/RPGPP_LT/Models/Props/rpgpp_lt_chair_01a.fbx using Guid(c7acbad2649a15647a7a4dfd8cceb5ac) Importer(815301076,1909f56bfc062723c751e8b465ee728b)  -> (artifact id: 'fdcb297bebf46e4093b8e3a13cd706e8') in 0.007598 seconds
Number of updated asset objects reloaded before import = 0
Number of asset objects unloaded after import = 8
========================================================================
Received Import Request.
  Time since last request: 0.000049 seconds.
  path: Assets/Art/Free/RPGPP_LT/Models/Props/rpgpp_lt_bird_house_01.fbx
  artifactKey: Guid(8edf1a08abb5cb342a2a608b289c1f91) Importer(815301076,1909f56bfc062723c751e8b465ee728b)
Start importing Assets/Art/Free/RPGPP_LT/Models/Props/rpgpp_lt_bird_house_01.fbx using Guid(8edf1a08abb5cb342a2a608b289c1f91) Importer(815301076,1909f56bfc062723c751e8b465ee728b)  -> (artifact id: '0ac55b7cbe4cc3521a8ecff5ce46a889') in 0.006501 seconds
Number of updated asset objects reloaded before import = 0
Number of asset objects unloaded after import = 8
========================================================================
Received Import Request.
  Time since last request: 0.000038 seconds.
  path: Assets/Art/Free/RPGPP_LT/Models/Props/rpgpp_lt_trough_01.fbx
  artifactKey: Guid(8b3f67c33dd9e9c4ea594b19207b4fbe) Importer(815301076,1909f56bfc062723c751e8b465ee728b)
Start importing Assets/Art/Free/RPGPP_LT/Models/Props/rpgpp_lt_trough_01.fbx using Guid(8b3f67c33dd9e9c4ea594b19207b4fbe) Importer(815301076,1909f56bfc062723c751e8b465ee728b)  -> (artifact id: '0ed6bd8297d04ba15b2a386f29e4481c') in 0.008607 seconds
Number of updated asset objects reloaded before import = 0
Number of asset objects unloaded after import = 8
========================================================================
Received Import Request.
  Time since last request: 0.000024 seconds.
  path: Assets/Art/Free/RPGPP_LT/Models/Props/rpgpp_lt_box_wood_01.fbx
  artifactKey: Guid(ab945ff7c1d59bb4a8b506cb8c7dafcd) Importer(815301076,1909f56bfc062723c751e8b465ee728b)
Start importing Assets/Art/Free/RPGPP_LT/Models/Props/rpgpp_lt_box_wood_01.fbx using Guid(ab945ff7c1d59bb4a8b506cb8c7dafcd) Importer(815301076,1909f56bfc062723c751e8b465ee728b)  -> (artifact id: '775e30a9630aece000a8fe6b3d976e4f') in 0.008766 seconds
Number of updated asset objects reloaded before import = 0
Number of asset objects unloaded after import = 8
========================================================================
Received Import Request.
  Time since last request: 0.000031 seconds.
  path: Assets/Art/Free/RPGPP_LT/Models/Props/rpgpp_lt_bathtub_wood_01.fbx
  artifactKey: Guid(1a8449922d22bae4791e0335226fa1aa) Importer(815301076,1909f56bfc062723c751e8b465ee728b)
Start importing Assets/Art/Free/RPGPP_LT/Models/Props/rpgpp_lt_bathtub_wood_01.fbx using Guid(1a8449922d22bae4791e0335226fa1aa) Importer(815301076,1909f56bfc062723c751e8b465ee728b)  -> (artifact id: 'dae8179618e7c321728fa6e885a98364') in 0.007042 seconds
Number of updated asset objects reloaded before import = 0
Number of asset objects unloaded after import = 8
========================================================================
Received Import Request.
  Time since last request: 0.000120 seconds.
  path: Assets/Art/Free/RPGPP_LT/Models/Props/rpgpp_lt_wagon_01.fbx
  artifactKey: Guid(f34a4e9b86005de4da2625205407868e) Importer(815301076,1909f56bfc062723c751e8b465ee728b)
Start importing Assets/Art/Free/RPGPP_LT/Models/Props/rpgpp_lt_wagon_01.fbx using Guid(f34a4e9b86005de4da2625205407868e) Importer(815301076,1909f56bfc062723c751e8b465ee728b)  -> (artifact id: '73cd46e608d120986c98a9b4dae25938') in 0.007602 seconds
Number of updated asset objects reloaded before import = 0
Number of asset objects unloaded after import = 8
========================================================================
Received Import Request.
  Time since last request: 0.000134 seconds.
  path: Assets/Art/Free/RPGPP_LT/Models/Props/rpgpp_lt_jug_01.fbx
  artifactKey: Guid(d68abfcba378a4f46847fa7f406b6ba6) Importer(815301076,1909f56bfc062723c751e8b465ee728b)
Start importing Assets/Art/Free/RPGPP_LT/Models/Props/rpgpp_lt_jug_01.fbx using Guid(d68abfcba378a4f46847fa7f406b6ba6) Importer(815301076,1909f56bfc062723c751e8b465ee728b)  -> (artifact id: 'fc02bd6e0d839c30848424d79a502d2b') in 0.008486 seconds
Number of updated asset objects reloaded before import = 0
Number of asset objects unloaded after import = 8
========================================================================
Received Import Request.
  Time since last request: 0.000031 seconds.
  path: Assets/Art/Free/RPGPP_LT/Models/Props/rpgpp_lt_hanger_clothes_01.fbx
  artifactKey: Guid(30c389f0d35cc414d9e841ff82ce1424) Importer(815301076,1909f56bfc062723c751e8b465ee728b)
Start importing Assets/Art/Free/RPGPP_LT/Models/Props/rpgpp_lt_hanger_clothes_01.fbx using Guid(30c389f0d35cc414d9e841ff82ce1424) Importer(815301076,1909f56bfc062723c751e8b465ee728b)  -> (artifact id: '5ecdb7061cfa7a580106f6e12b7881d8') in 0.007146 seconds
Number of updated asset objects reloaded before import = 0
Number of asset objects unloaded after import = 8
========================================================================
Received Import Request.
  Time since last request: 0.000028 seconds.
  path: Assets/Art/Free/RPGPP_LT/Models/Props/rpgpp_lt_rake_01.fbx
  artifactKey: Guid(7deee4ad3618a17429fa704cea48558c) Importer(815301076,1909f56bfc062723c751e8b465ee728b)
Start importing Assets/Art/Free/RPGPP_LT/Models/Props/rpgpp_lt_rake_01.fbx using Guid(7deee4ad3618a17429fa704cea48558c) Importer(815301076,1909f56bfc062723c751e8b465ee728b)  -> (artifact id: '092b0c62ffe851556b8e5c77a371ffa7') in 0.006923 seconds
Number of updated asset objects reloaded before import = 0
Number of asset objects unloaded after import = 8
========================================================================
Received Import Request.
  Time since last request: 0.000126 seconds.
  path: Assets/Art/Free/RPGPP_LT/Models/Props/rpgpp_lt_broom_01.fbx
  artifactKey: Guid(752014a26efd03145b74d57634ef9245) Importer(815301076,1909f56bfc062723c751e8b465ee728b)
Start importing Assets/Art/Free/RPGPP_LT/Models/Props/rpgpp_lt_broom_01.fbx using Guid(752014a26efd03145b74d57634ef9245) Importer(815301076,1909f56bfc062723c751e8b465ee728b)  -> (artifact id: '8021a90763e0e098cd90269f16112738') in 0.006467 seconds
Number of updated asset objects reloaded before import = 0
Number of asset objects unloaded after import = 8
========================================================================
Received Import Request.
  Time since last request: 0.000134 seconds.
  path: Assets/Art/Free/RPGPP_LT/Models/Props/rpgpp_lt_shield_wall_01a.fbx
  artifactKey: Guid(6db1e633533718d49bd0b8329bc37412) Importer(815301076,1909f56bfc062723c751e8b465ee728b)
Start importing Assets/Art/Free/RPGPP_LT/Models/Props/rpgpp_lt_shield_wall_01a.fbx using Guid(6db1e633533718d49bd0b8329bc37412) Importer(815301076,1909f56bfc062723c751e8b465ee728b)  -> (artifact id: '01468142fc91ea442ce8a9e2364c89a4') in 0.006752 seconds
Number of updated asset objects reloaded before import = 0
Number of asset objects unloaded after import = 8
========================================================================
Received Import Request.
  Time since last request: 510.439680 seconds.
  path: Assets/Art/Free/RPGPP_LT/Models/Nature
  artifactKey: Guid(0411daae2008b22408fa9a2285a99184) Importer(815301076,1909f56bfc062723c751e8b465ee728b)
Start importing Assets/Art/Free/RPGPP_LT/Models/Nature using Guid(0411daae2008b22408fa9a2285a99184) Importer(815301076,1909f56bfc062723c751e8b465ee728b)  -> (artifact id: '154a6b692dfeb60d7e20024a7eebb3a5') in 0.001150 seconds
Number of updated asset objects reloaded before import = 0
Number of asset objects unloaded after import = 0
========================================================================
Received Import Request.
  Time since last request: 0.025966 seconds.
  path: Assets/Art/Free/RPGPP_LT/Models/Nature/rpgpp_lt_bush_01.fbx
  artifactKey: Guid(d28a5d39d87b52c49824501fac8b689c) Importer(815301076,1909f56bfc062723c751e8b465ee728b)
Start importing Assets/Art/Free/RPGPP_LT/Models/Nature/rpgpp_lt_bush_01.fbx using Guid(d28a5d39d87b52c49824501fac8b689c) Importer(815301076,1909f56bfc062723c751e8b465ee728b)  -> (artifact id: '35d8b8ea68580b50d302ff663d6a1fa1') in 0.041843 seconds
Number of updated asset objects reloaded before import = 0
Number of asset objects unloaded after import = 8
========================================================================
Received Import Request.
  Time since last request: 0.000144 seconds.
  path: Assets/Art/Free/RPGPP_LT/Models/Nature/rpgpp_lt_flower_01.fbx
  artifactKey: Guid(7d350a824190e0647822f95e9f7bbc97) Importer(815301076,1909f56bfc062723c751e8b465ee728b)
Start importing Assets/Art/Free/RPGPP_LT/Models/Nature/rpgpp_lt_flower_01.fbx using Guid(7d350a824190e0647822f95e9f7bbc97) Importer(815301076,1909f56bfc062723c751e8b465ee728b)  -> (artifact id: '4080c0b0ed01db717b235ed2adacd43b') in 0.008126 seconds
Number of updated asset objects reloaded before import = 0
Number of asset objects unloaded after import = 8
========================================================================
Received Import Request.
  Time since last request: 0.000098 seconds.
  path: Assets/Art/Free/RPGPP_LT/Models/Nature/rpgpp_lt_rock_02.fbx
  artifactKey: Guid(d1fd41beb70267947bc1c996df07593d) Importer(815301076,1909f56bfc062723c751e8b465ee728b)
Start importing Assets/Art/Free/RPGPP_LT/Models/Nature/rpgpp_lt_rock_02.fbx using Guid(d1fd41beb70267947bc1c996df07593d) Importer(815301076,1909f56bfc062723c751e8b465ee728b)  -> (artifact id: '04b22b0894416f3e381af9294f3d2bbc') in 0.008902 seconds
Number of updated asset objects reloaded before import = 0
Number of asset objects unloaded after import = 8
========================================================================
Received Import Request.
  Time since last request: 0.000033 seconds.
  path: Assets/Art/Free/RPGPP_LT/Models/Nature/rpgpp_lt_tree_02.fbx
  artifactKey: Guid(7dca68918011bd644a4dc268eea79b44) Importer(815301076,1909f56bfc062723c751e8b465ee728b)
Start importing Assets/Art/Free/RPGPP_LT/Models/Nature/rpgpp_lt_tree_02.fbx using Guid(7dca68918011bd644a4dc268eea79b44) Importer(815301076,1909f56bfc062723c751e8b465ee728b)  -> (artifact id: 'c4e987ed97b8758efbc137ed9f5a5f3e') in 0.007199 seconds
Number of updated asset objects reloaded before import = 0
Number of asset objects unloaded after import = 8
========================================================================
Received Import Request.
  Time since last request: 0.000073 seconds.
  path: Assets/Art/Free/RPGPP_LT/Models/Nature/rpgpp_lt_grass_small_01b.fbx
  artifactKey: Guid(60f048e3ccfd7d0498e095661396963b) Importer(815301076,1909f56bfc062723c751e8b465ee728b)
Start importing Assets/Art/Free/RPGPP_LT/Models/Nature/rpgpp_lt_grass_small_01b.fbx using Guid(60f048e3ccfd7d0498e095661396963b) Importer(815301076,1909f56bfc062723c751e8b465ee728b)  -> (artifact id: 'dc8a502d6b126e28aec53bd42ced0489') in 0.007343 seconds
Number of updated asset objects reloaded before import = 0
Number of asset objects unloaded after import = 8
========================================================================
Received Import Request.
  Time since last request: 0.000033 seconds.
  path: Assets/Art/Free/RPGPP_LT/Models/Nature/rpgpp_lt_flower_02.fbx
  artifactKey: Guid(7710c12951e94d24eb1b65f105f6823e) Importer(815301076,1909f56bfc062723c751e8b465ee728b)
Start importing Assets/Art/Free/RPGPP_LT/Models/Nature/rpgpp_lt_flower_02.fbx using Guid(7710c12951e94d24eb1b65f105f6823e) Importer(815301076,1909f56bfc062723c751e8b465ee728b)  -> (artifact id: '1080439de91c68b6f0356392ae77dd58') in 0.008155 seconds
Number of updated asset objects reloaded before import = 0
Number of asset objects unloaded after import = 8
========================================================================
Received Import Request.
  Time since last request: 0.000022 seconds.
  path: Assets/Art/Free/RPGPP_LT/Models/Nature/rpgpp_lt_flower_03.fbx
  artifactKey: Guid(f97780a5b4f3ed64ca0fe117ef736a11) Importer(815301076,1909f56bfc062723c751e8b465ee728b)
Start importing Assets/Art/Free/RPGPP_LT/Models/Nature/rpgpp_lt_flower_03.fbx using Guid(f97780a5b4f3ed64ca0fe117ef736a11) Importer(815301076,1909f56bfc062723c751e8b465ee728b)  -> (artifact id: '7525e2efd25b4e912f8f80c76b3b6a4c') in 0.007796 seconds
Number of updated asset objects reloaded before import = 0
Number of asset objects unloaded after import = 8
========================================================================
Received Import Request.
  Time since last request: 0.000102 seconds.
  path: Assets/Art/Free/RPGPP_LT/Models/Nature/rpgpp_lt_terrain_grass_01.fbx
  artifactKey: Guid(264414c28ea0fbb41b924fd17d9228b3) Importer(815301076,1909f56bfc062723c751e8b465ee728b)
Start importing Assets/Art/Free/RPGPP_LT/Models/Nature/rpgpp_lt_terrain_grass_01.fbx using Guid(264414c28ea0fbb41b924fd17d9228b3) Importer(815301076,1909f56bfc062723c751e8b465ee728b)  -> (artifact id: '12312012c28fe390627eb06a4be711cb') in 0.008496 seconds
Number of updated asset objects reloaded before import = 0
Number of asset objects unloaded after import = 8
========================================================================
Received Import Request.
  Time since last request: 0.000098 seconds.
  path: Assets/Art/Free/RPGPP_LT/Models/Nature/rpgpp_lt_mountain_01.fbx
  artifactKey: Guid(9d123ff5b15c0bd4fbd33779e2acdbd9) Importer(815301076,1909f56bfc062723c751e8b465ee728b)
Start importing Assets/Art/Free/RPGPP_LT/Models/Nature/rpgpp_lt_mountain_01.fbx using Guid(9d123ff5b15c0bd4fbd33779e2acdbd9) Importer(815301076,1909f56bfc062723c751e8b465ee728b)  -> (artifact id: '786ff1d072fcb165a69eab18badadae7') in 0.009220 seconds
Number of updated asset objects reloaded before import = 0
Number of asset objects unloaded after import = 8
========================================================================
Received Import Request.
  Time since last request: 0.000027 seconds.
  path: Assets/Art/Free/RPGPP_LT/Models/Nature/rpgpp_lt_terrain_path_01b.fbx
  artifactKey: Guid(70fbff8150321794f8532fef4f4d7c98) Importer(815301076,1909f56bfc062723c751e8b465ee728b)
Start importing Assets/Art/Free/RPGPP_LT/Models/Nature/rpgpp_lt_terrain_path_01b.fbx using Guid(70fbff8150321794f8532fef4f4d7c98) Importer(815301076,1909f56bfc062723c751e8b465ee728b)  -> (artifact id: 'b48220156c5c2fa02dec0d5f10bddec7') in 0.008647 seconds
Number of updated asset objects reloaded before import = 0
Number of asset objects unloaded after import = 8
========================================================================
Received Import Request.
  Time since last request: 0.000024 seconds.
  path: Assets/Art/Free/RPGPP_LT/Models/Nature/rpgpp_lt_terrain_path_01a.fbx
  artifactKey: Guid(46a54c5b0997d8b47bf6519139a81b86) Importer(815301076,1909f56bfc062723c751e8b465ee728b)
Start importing Assets/Art/Free/RPGPP_LT/Models/Nature/rpgpp_lt_terrain_path_01a.fbx using Guid(46a54c5b0997d8b47bf6519139a81b86) Importer(815301076,1909f56bfc062723c751e8b465ee728b)  -> (artifact id: 'dc8fa5b4b66cf7ab40730ee9b0b10a28') in 0.005875 seconds
Number of updated asset objects reloaded before import = 0
Number of asset objects unloaded after import = 8
========================================================================
Received Import Request.
  Time since last request: 0.000021 seconds.
  path: Assets/Art/Free/RPGPP_LT/Models/Nature/rpgpp_lt_plant_01.fbx
  artifactKey: Guid(82188904581423c4a9ed3fbf3286ccdd) Importer(815301076,1909f56bfc062723c751e8b465ee728b)
Start importing Assets/Art/Free/RPGPP_LT/Models/Nature/rpgpp_lt_plant_01.fbx using Guid(82188904581423c4a9ed3fbf3286ccdd) Importer(815301076,1909f56bfc062723c751e8b465ee728b)  -> (artifact id: '157d708f29e4ed9c7fc08861415e8523') in 0.008003 seconds
Number of updated asset objects reloaded before import = 0
Number of asset objects unloaded after import = 8
========================================================================
Received Import Request.
  Time since last request: 0.000079 seconds.
  path: Assets/Art/Free/RPGPP_LT/Models/Nature/rpgpp_lt_grass_small_01a.fbx
  artifactKey: Guid(c191cc4231bc1a940986671275027664) Importer(815301076,1909f56bfc062723c751e8b465ee728b)
Start importing Assets/Art/Free/RPGPP_LT/Models/Nature/rpgpp_lt_grass_small_01a.fbx using Guid(c191cc4231bc1a940986671275027664) Importer(815301076,1909f56bfc062723c751e8b465ee728b)  -> (artifact id: '4acdf197a00f0d8c48002a5f2c3f7644') in 0.007471 seconds
Number of updated asset objects reloaded before import = 0
Number of asset objects unloaded after import = 8
========================================================================
Received Import Request.
  Time since last request: 0.000089 seconds.
  path: Assets/Art/Free/RPGPP_LT/Models/Nature/rpgpp_lt_tree_01.fbx
  artifactKey: Guid(15977c94193725642b83e5c7be73b2e8) Importer(815301076,1909f56bfc062723c751e8b465ee728b)
Start importing Assets/Art/Free/RPGPP_LT/Models/Nature/rpgpp_lt_tree_01.fbx using Guid(15977c94193725642b83e5c7be73b2e8) Importer(815301076,1909f56bfc062723c751e8b465ee728b)  -> (artifact id: '8f31002985001f766df74a260fa17f44') in 0.007571 seconds
Number of updated asset objects reloaded before import = 0
Number of asset objects unloaded after import = 8
========================================================================
Received Import Request.
  Time since last request: 3.749642 seconds.
  path: Assets/Art/Free/RPGPP_LT/Models/Structures
  artifactKey: Guid(048df2a8bd38ba042971bbb442e597ba) Importer(815301076,1909f56bfc062723c751e8b465ee728b)
Start importing Assets/Art/Free/RPGPP_LT/Models/Structures using Guid(048df2a8bd38ba042971bbb442e597ba) Importer(815301076,1909f56bfc062723c751e8b465ee728b)  -> (artifact id: '629f5f6d0fc161511c69ef96c174aab1') in 0.000331 seconds
Number of updated asset objects reloaded before import = 0
Number of asset objects unloaded after import = 0
========================================================================
Received Import Request.
  Time since last request: 0.030231 seconds.
  path: Assets/Art/Free/RPGPP_LT/Models/Structures/rpgpp_lt_building_01.fbx
  artifactKey: Guid(af5390e2a0373984db3740f21c0ec034) Importer(815301076,1909f56bfc062723c751e8b465ee728b)
Start importing Assets/Art/Free/RPGPP_LT/Models/Structures/rpgpp_lt_building_01.fbx using Guid(af5390e2a0373984db3740f21c0ec034) Importer(815301076,1909f56bfc062723c751e8b465ee728b)  -> (artifact id: '074cfe20903789a4cf9e4e6fd2c2cdd9') in 0.011155 seconds
Number of updated asset objects reloaded before import = 0
Number of asset objects unloaded after import = 8
========================================================================
Received Import Request.
  Time since last request: 0.000062 seconds.
  path: Assets/Art/Free/RPGPP_LT/Models/Structures/rpgpp_lt_building_03.fbx
  artifactKey: Guid(52eeab1f0ce4d934591972b6df5d179b) Importer(815301076,1909f56bfc062723c751e8b465ee728b)
Start importing Assets/Art/Free/RPGPP_LT/Models/Structures/rpgpp_lt_building_03.fbx using Guid(52eeab1f0ce4d934591972b6df5d179b) Importer(815301076,1909f56bfc062723c751e8b465ee728b)  -> (artifact id: '70f59ab73d704d3516403be66f85efe1') in 0.009534 seconds
Number of updated asset objects reloaded before import = 0
Number of asset objects unloaded after import = 8
========================================================================
Received Import Request.
  Time since last request: 0.000073 seconds.
  path: Assets/Art/Free/RPGPP_LT/Models/Structures/rpgpp_lt_building_05.fbx
  artifactKey: Guid(7d1c542ac0453aa40a248ffb042193c2) Importer(815301076,1909f56bfc062723c751e8b465ee728b)
Start importing Assets/Art/Free/RPGPP_LT/Models/Structures/rpgpp_lt_building_05.fbx using Guid(7d1c542ac0453aa40a248ffb042193c2) Importer(815301076,1909f56bfc062723c751e8b465ee728b)  -> (artifact id: '48105ee7a0f3f1a24b25326bb0901dee') in 0.008986 seconds
Number of updated asset objects reloaded before import = 0
Number of asset objects unloaded after import = 8
