Unity Editor version:    2022.3.12f1 (4fe6e059c7ef)
Branch:                  2022.3/release
Build type:              Release
Batch mode:              YES
macOS version:           Version 14.3.1 (Build 23D60)
Darwin version:          23.3.0
Architecture:            arm64
Running under Rosetta:   NO
Available memory:        8192 MB
Using pre-set license
Pro License: YES

COMMAND LINE ARGUMENTS:
/Applications/Unity/Hub/Editor/2022.3.12f1/Unity.app/Contents/MacOS/Unity
-adb2
-batchMode
-noUpm
-name
AssetImportWorker1
-projectPath
/Users/admin/!!Copluk/Github/Unity-Archive/3d puzzle
-logFile
Logs/AssetImportWorker1.log
-srvPort
51590
Successfully changed project path to: /Users/admin/!!Copluk/Github/Unity-Archive/3d puzzle
/Users/admin/!!Copluk/Github/Unity-Archive/3d puzzle
[UnityMemory] Configuration Parameters - Can be set up in boot.config
    "memorysetup-bucket-allocator-granularity=16"
    "memorysetup-bucket-allocator-bucket-count=8"
    "memorysetup-bucket-allocator-block-size=33554432"
    "memorysetup-bucket-allocator-block-count=8"
    "memorysetup-main-allocator-block-size=16777216"
    "memorysetup-thread-allocator-block-size=16777216"
    "memorysetup-gfx-main-allocator-block-size=16777216"
    "memorysetup-gfx-thread-allocator-block-size=16777216"
    "memorysetup-cache-allocator-block-size=4194304"
    "memorysetup-typetree-allocator-block-size=2097152"
    "memorysetup-profiler-bucket-allocator-granularity=16"
    "memorysetup-profiler-bucket-allocator-bucket-count=8"
    "memorysetup-profiler-bucket-allocator-block-size=33554432"
    "memorysetup-profiler-bucket-allocator-block-count=8"
    "memorysetup-profiler-allocator-block-size=16777216"
    "memorysetup-profiler-editor-allocator-block-size=1048576"
    "memorysetup-temp-allocator-size-main=16777216"
    "memorysetup-job-temp-allocator-block-size=2097152"
    "memorysetup-job-temp-allocator-block-size-background=1048576"
    "memorysetup-job-temp-allocator-reduction-small-platforms=262144"
    "memorysetup-allocator-temp-initial-block-size-main=262144"
    "memorysetup-allocator-temp-initial-block-size-worker=262144"
    "memorysetup-temp-allocator-size-background-worker=32768"
    "memorysetup-temp-allocator-size-job-worker=262144"
    "memorysetup-temp-allocator-size-preload-manager=33554432"
    "memorysetup-temp-allocator-size-nav-mesh-worker=65536"
    "memorysetup-temp-allocator-size-audio-worker=65536"
    "memorysetup-temp-allocator-size-cloud-worker=32768"
    "memorysetup-temp-allocator-size-gi-baking-worker=262144"
    "memorysetup-temp-allocator-size-gfx=262144"
Player connection [8028036160] Host "[IP] 192.168.1.40 [Port] 0 [Flags] 2 [Guid] 832477132 [EditorId] 832477132 [Version] 1048832 [Id] OSXEditor(0,Admin-Dizustu-Bilgisayar.local) [Debug] 1 [PackageName] OSXEditor [ProjectName] Editor" joined multi-casting on [225.0.0.222:54997]...

Player connection [8028036160] Host "[IP] 192.168.1.40 [Port] 0 [Flags] 2 [Guid] 832477132 [EditorId] 832477132 [Version] 1048832 [Id] OSXEditor(0,Admin-Dizustu-Bilgisayar.local) [Debug] 1 [PackageName] OSXEditor [ProjectName] Editor" joined alternative multi-casting on [225.0.0.222:34997]...

[Physics::Module] Initialized MultithreadedJobDispatcher with 7 workers.
Refreshing native plugins compatible for Editor in 12.06 ms, found 2 plugins.
Preloading 0 native plugins for Editor in 0.00 ms.
Initialize engine version: 2022.3.12f1 (4fe6e059c7ef)
[Subsystems] Discovering subsystems at path /Applications/Unity/Hub/Editor/2022.3.12f1/Unity.app/Contents/Resources/UnitySubsystems
[Subsystems] Discovering subsystems at path /Users/admin/!!Copluk/Github/Unity-Archive/3d puzzle/Assets
GfxDevice: creating device client; threaded=0; jobified=0
 preferred device: Apple M2 (high power)
Metal devices available: 1
0: Apple M2 (high power)
Using device Apple M2 (high power)
Initializing Metal device caps: Apple M2
Initialize mono
Mono path[0] = '/Applications/Unity/Hub/Editor/2022.3.12f1/Unity.app/Contents/Managed'
Mono path[1] = '/Applications/Unity/Hub/Editor/2022.3.12f1/Unity.app/Contents/MonoBleedingEdge/lib/mono/unityjit-macos'
Mono config path = '/Applications/Unity/Hub/Editor/2022.3.12f1/Unity.app/Contents/MonoBleedingEdge/etc'
Using monoOptions --debugger-agent=transport=dt_socket,embedding=1,server=y,suspend=n,address=127.0.0.1:56687
Begin MonoManager ReloadAssembly
Registering precompiled unity dll's ...
Register platform support module: /Applications/Unity/Hub/Editor/2022.3.12f1/Unity.app/Contents/PlaybackEngines/MacStandaloneSupport/UnityEditor.OSXStandalone.Extensions.dll
Register platform support module: /Applications/Unity/Hub/Editor/2022.3.12f1/PlaybackEngines/AndroidPlayer/UnityEditor.Android.Extensions.dll
Register platform support module: /Applications/Unity/Hub/Editor/2022.3.12f1/PlaybackEngines/iOSSupport/UnityEditor.iOS.Extensions.dll
Register platform support module: /Applications/Unity/Hub/Editor/2022.3.12f1/PlaybackEngines/WindowsStandaloneSupport/UnityEditor.WindowsStandalone.Extensions.dll
Registered in 0.005569 seconds.
- Loaded All Assemblies, in  0.245 seconds
Native extension for WindowsStandalone target not found
[usbmuxd] Start listen thread
[usbmuxd] Listen thread started
[usbmuxd] Send listen message
Native extension for iOS target not found
Native extension for Android target not found
Android Extension - Scanning For ADB Devices 49 ms
Native extension for OSXStandalone target not found
Mono: successfully reloaded assembly
- Finished resetting the current domain, in  0.273 seconds
Domain Reload Profiling: 519ms
	BeginReloadAssembly (82ms)
		ExecutionOrderSort (0ms)
		DisableScriptedObjects (0ms)
		BackupInstance (0ms)
		ReleaseScriptingObjects (0ms)
		CreateAndSetChildDomain (1ms)
	RebuildCommonClasses (23ms)
	RebuildNativeTypeToScriptingClass (7ms)
	initialDomainReloadingComplete (32ms)
	LoadAllAssembliesAndSetupDomain (100ms)
		LoadAssemblies (83ms)
		RebuildTransferFunctionScriptingTraits (0ms)
		AnalyzeDomain (98ms)
			TypeCache.Refresh (97ms)
				TypeCache.ScanAssembly (87ms)
			ScanForSourceGeneratedMonoScriptInfo (0ms)
			ResolveRequiredComponents (0ms)
	FinalizeReload (274ms)
		ReleaseScriptCaches (0ms)
		RebuildScriptCaches (0ms)
		SetupLoadedEditorAssemblies (240ms)
			LogAssemblyErrors (0ms)
			InitializePlatformSupportModulesInManaged (170ms)
			SetLoadedEditorAssemblies (2ms)
			RefreshPlugins (0ms)
			BeforeProcessingInitializeOnLoad (1ms)
			ProcessInitializeOnLoadAttributes (44ms)
			ProcessInitializeOnLoadMethodAttributes (23ms)
			AfterProcessingInitializeOnLoad (0ms)
			EditorAssembliesLoaded (0ms)
		ExecutionOrderSort2 (0ms)
		AwakeInstancesAfterBackupRestoration (0ms)
========================================================================
Worker process is ready to serve import requests
Begin MonoManager ReloadAssembly
- Loaded All Assemblies, in  0.406 seconds
Refreshing native plugins compatible for Editor in 0.82 ms, found 2 plugins.
Native extension for WindowsStandalone target not found
Native extension for iOS target not found
Native extension for Android target not found
Native extension for OSXStandalone target not found
Package Manager log level set to [2]
[Package Manager] Server::EnsureServerProcessIsRunning -- launch failed, reason: Unity was launched with the -noUpm command-line argument
[Package Manager] UpmClient::Send -- Unable to send message (not connected to UPM process).
[Package Manager] Cannot connect to Unity Package Manager local server
Mono: successfully reloaded assembly
- Finished resetting the current domain, in  0.343 seconds
Domain Reload Profiling: 749ms
	BeginReloadAssembly (77ms)
		ExecutionOrderSort (0ms)
		DisableScriptedObjects (3ms)
		BackupInstance (0ms)
		ReleaseScriptingObjects (0ms)
		CreateAndSetChildDomain (18ms)
	RebuildCommonClasses (21ms)
	RebuildNativeTypeToScriptingClass (7ms)
	initialDomainReloadingComplete (20ms)
	LoadAllAssembliesAndSetupDomain (280ms)
		LoadAssemblies (179ms)
		RebuildTransferFunctionScriptingTraits (0ms)
		AnalyzeDomain (137ms)
			TypeCache.Refresh (122ms)
				TypeCache.ScanAssembly (101ms)
			ScanForSourceGeneratedMonoScriptInfo (9ms)
			ResolveRequiredComponents (6ms)
	FinalizeReload (343ms)
		ReleaseScriptCaches (0ms)
		RebuildScriptCaches (0ms)
		SetupLoadedEditorAssemblies (252ms)
			LogAssemblyErrors (0ms)
			InitializePlatformSupportModulesInManaged (17ms)
			SetLoadedEditorAssemblies (2ms)
			RefreshPlugins (0ms)
			BeforeProcessingInitializeOnLoad (31ms)
			ProcessInitializeOnLoadAttributes (159ms)
			ProcessInitializeOnLoadMethodAttributes (42ms)
			AfterProcessingInitializeOnLoad (0ms)
			EditorAssembliesLoaded (0ms)
		ExecutionOrderSort2 (0ms)
		AwakeInstancesAfterBackupRestoration (2ms)
Launching external process: /Applications/Unity/Hub/Editor/2022.3.12f1/Unity.app/Contents/Tools/UnityShaderCompiler
Launched and connected shader compiler UnityShaderCompiler after 0.07 seconds
Refreshing native plugins compatible for Editor in 1.22 ms, found 2 plugins.
Preloading 0 native plugins for Editor in 0.00 ms.
Unloading 4925 Unused Serialized files (Serialized files now loaded: 0)
Unloading 76 unused Assets / (0.7 MB). Loaded Objects now: 5376.
Memory consumption went from 211.4 MB to 210.7 MB.
Total: 2.859083 ms (FindLiveObjects: 0.194000 ms CreateObjectMapping: 0.089291 ms MarkObjects: 2.306917 ms  DeleteObjects: 0.268542 ms)

AssetImportParameters requested are different than current active one (requested -> active):
  custom:container-demuxer-ogg: 62fdf1f143b41e24485cea50d1cbac27 -> 
  custom:video-decoder-ogg-theora: a1e56fd34408186e4bbccfd4996cb3dc -> 
  custom:CustomObjectIndexerAttribute: a3ef5dd2817f97addfee359851a9dba5 -> 
  custom:container-demuxer-webm: 4f35f7cbe854078d1ac9338744f61a02 -> 
  custom:container-muxer-webm: aa71ff27fc2769a1b78a27578f13a17b -> 
  custom:video-decoder-webm-vp8: 9c59270c3fd7afecdb556c50c9e8de78 -> 
  custom:SearchIndexIgnoredProperties: e643bd26f0fe6173181afceb89e7c659 -> 
  custom:AudioImporter_EditorPlatform: 3918e3fc78b5a79bad01e8451be0beb8 -> 
  custom:framework-osx-AVFoundation: e770b220cccbd017edd2c1fefb359320 -> 
  custom:video-encoder-webm-vp8: eb34c28f22e8b96e1ab97ce403110664 -> 
  custom:audio-decoder-ogg-vorbis: bf7c407c2cedff20999df2af8eb42d56 -> 
  custom:audio-encoder-webm-vorbis: bf7c407c2cedff20999df2af8eb42d56 -> 
========================================================================
Received Import Request.
  Time since last request: 31312.305268 seconds.
  path: Assets/Art/Free/RPGPP_LT/Models/Props/rpgpp_lt_banner_01b.fbx
  artifactKey: Guid(dc3de67326229ab459a1320acc34b8ea) Importer(815301076,1909f56bfc062723c751e8b465ee728b)
Start importing Assets/Art/Free/RPGPP_LT/Models/Props/rpgpp_lt_banner_01b.fbx using Guid(dc3de67326229ab459a1320acc34b8ea) Importer(815301076,1909f56bfc062723c751e8b465ee728b)  -> (artifact id: '06e6ff6e50e69455def25cc0e6919864') in 0.564970 seconds
Number of updated asset objects reloaded before import = 0
Number of asset objects unloaded after import = 9
========================================================================
Received Import Request.
  Time since last request: 0.000038 seconds.
  path: Assets/Art/Free/RPGPP_LT/Models/Props/rpgpp_lt_bowl_metal_01.fbx
  artifactKey: Guid(09cc238bd856b5d468789a6d2d0f48ed) Importer(815301076,1909f56bfc062723c751e8b465ee728b)
Start importing Assets/Art/Free/RPGPP_LT/Models/Props/rpgpp_lt_bowl_metal_01.fbx using Guid(09cc238bd856b5d468789a6d2d0f48ed) Importer(815301076,1909f56bfc062723c751e8b465ee728b)  -> (artifact id: 'd5f0f17ee8e92022157051352decc957') in 0.009048 seconds
Number of updated asset objects reloaded before import = 0
Number of asset objects unloaded after import = 8
========================================================================
Received Import Request.
  Time since last request: 0.000030 seconds.
  path: Assets/Art/Free/RPGPP_LT/Models/Props/rpgpp_lt_ladder_01.fbx
  artifactKey: Guid(5a5a8e9d7228e204a91c0fb79c12479b) Importer(815301076,1909f56bfc062723c751e8b465ee728b)
Start importing Assets/Art/Free/RPGPP_LT/Models/Props/rpgpp_lt_ladder_01.fbx using Guid(5a5a8e9d7228e204a91c0fb79c12479b) Importer(815301076,1909f56bfc062723c751e8b465ee728b)  -> (artifact id: 'cca951a0529fdc5220def0db0f3842ff') in 0.007569 seconds
Number of updated asset objects reloaded before import = 0
Number of asset objects unloaded after import = 8
========================================================================
Received Import Request.
  Time since last request: 0.000134 seconds.
  path: Assets/Art/Free/RPGPP_LT/Models/Props/rpgpp_lt_shield_wall_01b.fbx
  artifactKey: Guid(ea48d15a3d30c4943927bc8edcd3ff96) Importer(815301076,1909f56bfc062723c751e8b465ee728b)
Start importing Assets/Art/Free/RPGPP_LT/Models/Props/rpgpp_lt_shield_wall_01b.fbx using Guid(ea48d15a3d30c4943927bc8edcd3ff96) Importer(815301076,1909f56bfc062723c751e8b465ee728b)  -> (artifact id: 'ec0027d489d7a75ad30606c23f051e5f') in 0.006794 seconds
Number of updated asset objects reloaded before import = 0
Number of asset objects unloaded after import = 8
========================================================================
Received Import Request.
  Time since last request: 0.000073 seconds.
  path: Assets/Art/Free/RPGPP_LT/Models/Props/rpgpp_lt_log_wood_01.fbx
  artifactKey: Guid(83ca3216726525148a325296526fcfa7) Importer(815301076,1909f56bfc062723c751e8b465ee728b)
Start importing Assets/Art/Free/RPGPP_LT/Models/Props/rpgpp_lt_log_wood_01.fbx using Guid(83ca3216726525148a325296526fcfa7) Importer(815301076,1909f56bfc062723c751e8b465ee728b)  -> (artifact id: '738d5e4354bc36e2fa7303216d3cbc46') in 0.008599 seconds
Number of updated asset objects reloaded before import = 0
Number of asset objects unloaded after import = 8
========================================================================
Received Import Request.
  Time since last request: 0.000038 seconds.
  path: Assets/Art/Free/RPGPP_LT/Models/Props/rpgpp_lt_bench_wood_01.fbx
  artifactKey: Guid(6bc5a23d8cb251f40b96a1fbf4ddb4fc) Importer(815301076,1909f56bfc062723c751e8b465ee728b)
Start importing Assets/Art/Free/RPGPP_LT/Models/Props/rpgpp_lt_bench_wood_01.fbx using Guid(6bc5a23d8cb251f40b96a1fbf4ddb4fc) Importer(815301076,1909f56bfc062723c751e8b465ee728b)  -> (artifact id: 'd067aa37918c9aac80e0138f3555248b') in 0.007639 seconds
Number of updated asset objects reloaded before import = 0
Number of asset objects unloaded after import = 8
========================================================================
Received Import Request.
  Time since last request: 0.000038 seconds.
  path: Assets/Art/Free/RPGPP_LT/Models/Props/rpgpp_lt_wood_path_01b.fbx
  artifactKey: Guid(f867a2534aa85914d9e6b62f681cdf69) Importer(815301076,1909f56bfc062723c751e8b465ee728b)
Start importing Assets/Art/Free/RPGPP_LT/Models/Props/rpgpp_lt_wood_path_01b.fbx using Guid(f867a2534aa85914d9e6b62f681cdf69) Importer(815301076,1909f56bfc062723c751e8b465ee728b)  -> (artifact id: '1bb07498cfe18b6a513547bb3f9ccb52') in 0.008183 seconds
Number of updated asset objects reloaded before import = 0
Number of asset objects unloaded after import = 8
========================================================================
Received Import Request.
  Time since last request: 0.000040 seconds.
  path: Assets/Art/Free/RPGPP_LT/Models/Props/rpgpp_lt_table_01.fbx
  artifactKey: Guid(16c4b1c9bf28bc44eab122106a0e4864) Importer(815301076,1909f56bfc062723c751e8b465ee728b)
Start importing Assets/Art/Free/RPGPP_LT/Models/Props/rpgpp_lt_table_01.fbx using Guid(16c4b1c9bf28bc44eab122106a0e4864) Importer(815301076,1909f56bfc062723c751e8b465ee728b)  -> (artifact id: '757eb017554482980d8c88cd9febe8ae') in 0.007049 seconds
Number of updated asset objects reloaded before import = 0
Number of asset objects unloaded after import = 8
========================================================================
Received Import Request.
  Time since last request: 0.000078 seconds.
  path: Assets/Art/Free/RPGPP_LT/Models/Props/rpgpp_lt_hanger_wood_01.fbx
  artifactKey: Guid(dc53ddfef4a2d414f83c0332e80bfbb6) Importer(815301076,1909f56bfc062723c751e8b465ee728b)
Start importing Assets/Art/Free/RPGPP_LT/Models/Props/rpgpp_lt_hanger_wood_01.fbx using Guid(dc53ddfef4a2d414f83c0332e80bfbb6) Importer(815301076,1909f56bfc062723c751e8b465ee728b)  -> (artifact id: '99e73e7be4e0137aafba643a07c55696') in 0.006615 seconds
Number of updated asset objects reloaded before import = 0
Number of asset objects unloaded after import = 8
========================================================================
Received Import Request.
  Time since last request: 0.000055 seconds.
  path: Assets/Art/Free/RPGPP_LT/Models/Props/rpgpp_lt_sack_01.fbx
  artifactKey: Guid(8f07894e139232f4fb48b79133ad05fa) Importer(815301076,1909f56bfc062723c751e8b465ee728b)
Start importing Assets/Art/Free/RPGPP_LT/Models/Props/rpgpp_lt_sack_01.fbx using Guid(8f07894e139232f4fb48b79133ad05fa) Importer(815301076,1909f56bfc062723c751e8b465ee728b)  -> (artifact id: '13c70155f3054bfe079b71b6c5217aa9') in 0.008455 seconds
Number of updated asset objects reloaded before import = 0
Number of asset objects unloaded after import = 8
========================================================================
Received Import Request.
  Time since last request: 0.000144 seconds.
  path: Assets/Art/Free/RPGPP_LT/Models/Props/rpgpp_lt_bucket_01.fbx
  artifactKey: Guid(e978333221b12f44ba9099ca8d181f25) Importer(815301076,1909f56bfc062723c751e8b465ee728b)
Start importing Assets/Art/Free/RPGPP_LT/Models/Props/rpgpp_lt_bucket_01.fbx using Guid(e978333221b12f44ba9099ca8d181f25) Importer(815301076,1909f56bfc062723c751e8b465ee728b)  -> (artifact id: 'fba8aa92d97be9c25d21c5c061b144a2') in 0.009177 seconds
Number of updated asset objects reloaded before import = 0
Number of asset objects unloaded after import = 8
========================================================================
Received Import Request.
  Time since last request: 0.000114 seconds.
  path: Assets/Art/Free/RPGPP_LT/Models/Props/rpgpp_lt_sack_open_01.fbx
  artifactKey: Guid(1716e599fb056014ca8f5786b3a82fcf) Importer(815301076,1909f56bfc062723c751e8b465ee728b)
Start importing Assets/Art/Free/RPGPP_LT/Models/Props/rpgpp_lt_sack_open_01.fbx using Guid(1716e599fb056014ca8f5786b3a82fcf) Importer(815301076,1909f56bfc062723c751e8b465ee728b)  -> (artifact id: 'bdbf78a00ae1086a5d38a6b6bfabd785') in 0.007055 seconds
Number of updated asset objects reloaded before import = 0
Number of asset objects unloaded after import = 8
========================================================================
Received Import Request.
  Time since last request: 0.000051 seconds.
  path: Assets/Art/Free/RPGPP_LT/Models/Props/rpgpp_lt_package_01.fbx
  artifactKey: Guid(4a9eb490516647a4d8765165bfb9cf47) Importer(815301076,1909f56bfc062723c751e8b465ee728b)
Start importing Assets/Art/Free/RPGPP_LT/Models/Props/rpgpp_lt_package_01.fbx using Guid(4a9eb490516647a4d8765165bfb9cf47) Importer(815301076,1909f56bfc062723c751e8b465ee728b)  -> (artifact id: '32ee0c0b9c8844d1ab61727377916fa1') in 0.006503 seconds
Number of updated asset objects reloaded before import = 0
Number of asset objects unloaded after import = 8
========================================================================
Received Import Request.
  Time since last request: 0.000043 seconds.
  path: Assets/Art/Free/RPGPP_LT/Models/Props/rpgpp_lt_vase_02.fbx
  artifactKey: Guid(65a171ea06543b04fa7aa086cd66702d) Importer(815301076,1909f56bfc062723c751e8b465ee728b)
Start importing Assets/Art/Free/RPGPP_LT/Models/Props/rpgpp_lt_vase_02.fbx using Guid(65a171ea06543b04fa7aa086cd66702d) Importer(815301076,1909f56bfc062723c751e8b465ee728b)  -> (artifact id: '648249905358a073f5647ea30c76c50d') in 0.007352 seconds
Number of updated asset objects reloaded before import = 0
Number of asset objects unloaded after import = 8
========================================================================
Received Import Request.
  Time since last request: 0.000096 seconds.
  path: Assets/Art/Free/RPGPP_LT/Models/Props/rpgpp_lt_chair_01b.fbx
  artifactKey: Guid(c23d7dd34e2d29a42bf0998f5f20de59) Importer(815301076,1909f56bfc062723c751e8b465ee728b)
Start importing Assets/Art/Free/RPGPP_LT/Models/Props/rpgpp_lt_chair_01b.fbx using Guid(c23d7dd34e2d29a42bf0998f5f20de59) Importer(815301076,1909f56bfc062723c751e8b465ee728b)  -> (artifact id: '94e71a9c5491dde49b3a0e28d0dc69e2') in 0.007177 seconds
Number of updated asset objects reloaded before import = 0
Number of asset objects unloaded after import = 8
========================================================================
Received Import Request.
  Time since last request: 0.000093 seconds.
  path: Assets/Art/Free/RPGPP_LT/Models/Props/rpgpp_lt_wood_path_01a.fbx
  artifactKey: Guid(d4d6eed92fb93e948b95c2fc4d1f6f8d) Importer(815301076,1909f56bfc062723c751e8b465ee728b)
Start importing Assets/Art/Free/RPGPP_LT/Models/Props/rpgpp_lt_wood_path_01a.fbx using Guid(d4d6eed92fb93e948b95c2fc4d1f6f8d) Importer(815301076,1909f56bfc062723c751e8b465ee728b)  -> (artifact id: '0b2bc086fe508bbcdbe8a1452a326e6a') in 0.006210 seconds
Number of updated asset objects reloaded before import = 0
Number of asset objects unloaded after import = 8
========================================================================
Received Import Request.
  Time since last request: 510.469028 seconds.
  path: Assets/Art/Free/RPGPP_LT/Models/Nature/rpgpp_lt_bush_02.fbx
  artifactKey: Guid(d4997bb047d8fbb458f4d63b2322ebdc) Importer(815301076,1909f56bfc062723c751e8b465ee728b)
Start importing Assets/Art/Free/RPGPP_LT/Models/Nature/rpgpp_lt_bush_02.fbx using Guid(d4997bb047d8fbb458f4d63b2322ebdc) Importer(815301076,1909f56bfc062723c751e8b465ee728b)  -> (artifact id: '414341d449971d02aac51c328c6c0ebd') in 0.044217 seconds
Number of updated asset objects reloaded before import = 0
Number of asset objects unloaded after import = 8
========================================================================
Received Import Request.
  Time since last request: 0.000147 seconds.
  path: Assets/Art/Free/RPGPP_LT/Models/Nature/rpgpp_lt_cloud_02.fbx
  artifactKey: Guid(4432020e36e26f946a400515834f11b7) Importer(815301076,1909f56bfc062723c751e8b465ee728b)
Start importing Assets/Art/Free/RPGPP_LT/Models/Nature/rpgpp_lt_cloud_02.fbx using Guid(4432020e36e26f946a400515834f11b7) Importer(815301076,1909f56bfc062723c751e8b465ee728b)  -> (artifact id: '7015562aeab7ea0c1bf817dcba5112ce') in 0.006753 seconds
Number of updated asset objects reloaded before import = 0
Number of asset objects unloaded after import = 8
========================================================================
Received Import Request.
  Time since last request: 0.000081 seconds.
  path: Assets/Art/Free/RPGPP_LT/Models/Nature/rpgpp_lt_cloud_01.fbx
  artifactKey: Guid(b36c73269c1668c4bbfb76bf41a74b15) Importer(815301076,1909f56bfc062723c751e8b465ee728b)
Start importing Assets/Art/Free/RPGPP_LT/Models/Nature/rpgpp_lt_cloud_01.fbx using Guid(b36c73269c1668c4bbfb76bf41a74b15) Importer(815301076,1909f56bfc062723c751e8b465ee728b)  -> (artifact id: '7d91f2a5863565b0e228d06ba8a98bf2') in 0.007086 seconds
Number of updated asset objects reloaded before import = 0
Number of asset objects unloaded after import = 8
========================================================================
Received Import Request.
  Time since last request: 0.000059 seconds.
  path: Assets/Art/Free/RPGPP_LT/Models/Nature/rpgpp_lt_sky_01.fbx
  artifactKey: Guid(092e8eab260eaf84e890e2e5dbc513b1) Importer(815301076,1909f56bfc062723c751e8b465ee728b)
Start importing Assets/Art/Free/RPGPP_LT/Models/Nature/rpgpp_lt_sky_01.fbx using Guid(092e8eab260eaf84e890e2e5dbc513b1) Importer(815301076,1909f56bfc062723c751e8b465ee728b)  -> (artifact id: 'bc3d179a7a164c54f7970589b396d3b3') in 0.007637 seconds
Number of updated asset objects reloaded before import = 0
Number of asset objects unloaded after import = 8
========================================================================
Received Import Request.
  Time since last request: 0.000094 seconds.
  path: Assets/Art/Free/RPGPP_LT/Models/Nature/rpgpp_lt_terrain_sand_01.fbx
  artifactKey: Guid(b75a02a185084be49bc0ead09438de21) Importer(815301076,1909f56bfc062723c751e8b465ee728b)
Start importing Assets/Art/Free/RPGPP_LT/Models/Nature/rpgpp_lt_terrain_sand_01.fbx using Guid(b75a02a185084be49bc0ead09438de21) Importer(815301076,1909f56bfc062723c751e8b465ee728b)  -> (artifact id: '7c32eb1a23813f532f09ae58e277f0cb') in 0.006455 seconds
Number of updated asset objects reloaded before import = 0
Number of asset objects unloaded after import = 8
========================================================================
Received Import Request.
  Time since last request: 0.000044 seconds.
  path: Assets/Art/Free/RPGPP_LT/Models/Nature/rpgpp_lt_plant_02.fbx
  artifactKey: Guid(2ef20853860a4694c9c08c312d121b56) Importer(815301076,1909f56bfc062723c751e8b465ee728b)
Start importing Assets/Art/Free/RPGPP_LT/Models/Nature/rpgpp_lt_plant_02.fbx using Guid(2ef20853860a4694c9c08c312d121b56) Importer(815301076,1909f56bfc062723c751e8b465ee728b)  -> (artifact id: '3f9e1ea3a457748f251477ae06cbc861') in 0.008060 seconds
Number of updated asset objects reloaded before import = 0
Number of asset objects unloaded after import = 8
========================================================================
Received Import Request.
  Time since last request: 0.000047 seconds.
  path: Assets/Art/Free/RPGPP_LT/Models/Nature/rpgpp_lt_rock_01.fbx
  artifactKey: Guid(305f277e1529222439b495a441de2f0b) Importer(815301076,1909f56bfc062723c751e8b465ee728b)
Start importing Assets/Art/Free/RPGPP_LT/Models/Nature/rpgpp_lt_rock_01.fbx using Guid(305f277e1529222439b495a441de2f0b) Importer(815301076,1909f56bfc062723c751e8b465ee728b)  -> (artifact id: '2df5c8bf78a148c2c48689a8d92590d5') in 0.007848 seconds
Number of updated asset objects reloaded before import = 0
Number of asset objects unloaded after import = 8
========================================================================
Received Import Request.
  Time since last request: 0.000046 seconds.
  path: Assets/Art/Free/RPGPP_LT/Models/Nature/rpgpp_lt_rock_03.fbx
  artifactKey: Guid(455995b8866658b42b3da7b1cab18535) Importer(815301076,1909f56bfc062723c751e8b465ee728b)
Start importing Assets/Art/Free/RPGPP_LT/Models/Nature/rpgpp_lt_rock_03.fbx using Guid(455995b8866658b42b3da7b1cab18535) Importer(815301076,1909f56bfc062723c751e8b465ee728b)  -> (artifact id: '309a90df0dcd297fac2cd37bedb40d6e') in 0.008208 seconds
Number of updated asset objects reloaded before import = 0
Number of asset objects unloaded after import = 8
========================================================================
Received Import Request.
  Time since last request: 0.000035 seconds.
  path: Assets/Art/Free/RPGPP_LT/Models/Nature/rpgpp_lt_hill_small_01.fbx
  artifactKey: Guid(3602432658d7f1540978cbbd6875ad2d) Importer(815301076,1909f56bfc062723c751e8b465ee728b)
Start importing Assets/Art/Free/RPGPP_LT/Models/Nature/rpgpp_lt_hill_small_01.fbx using Guid(3602432658d7f1540978cbbd6875ad2d) Importer(815301076,1909f56bfc062723c751e8b465ee728b)  -> (artifact id: '5a69c3aa0798f994abb1234328d618aa') in 0.009279 seconds
Number of updated asset objects reloaded before import = 0
Number of asset objects unloaded after import = 8
========================================================================
Received Import Request.
  Time since last request: 0.000065 seconds.
  path: Assets/Art/Free/RPGPP_LT/Models/Nature/rpgpp_lt_terrain_grass_02.fbx
  artifactKey: Guid(a90ec1b8be596134b912428bfce1f226) Importer(815301076,1909f56bfc062723c751e8b465ee728b)
Start importing Assets/Art/Free/RPGPP_LT/Models/Nature/rpgpp_lt_terrain_grass_02.fbx using Guid(a90ec1b8be596134b912428bfce1f226) Importer(815301076,1909f56bfc062723c751e8b465ee728b)  -> (artifact id: '7ffcfba96f6fd38ac062dfd24d20cb1e') in 0.008458 seconds
Number of updated asset objects reloaded before import = 0
Number of asset objects unloaded after import = 8
========================================================================
Received Import Request.
  Time since last request: 0.000025 seconds.
  path: Assets/Art/Free/RPGPP_LT/Models/Nature/rpgpp_lt_rocks_tiny_01.fbx
  artifactKey: Guid(2e716c43576f71b4aa87e6cb4ebeaeab) Importer(815301076,1909f56bfc062723c751e8b465ee728b)
Start importing Assets/Art/Free/RPGPP_LT/Models/Nature/rpgpp_lt_rocks_tiny_01.fbx using Guid(2e716c43576f71b4aa87e6cb4ebeaeab) Importer(815301076,1909f56bfc062723c751e8b465ee728b)  -> (artifact id: 'e7f40166c0d080b22421eb9cb1bb4136') in 0.006676 seconds
Number of updated asset objects reloaded before import = 0
Number of asset objects unloaded after import = 8
========================================================================
Received Import Request.
  Time since last request: 0.000040 seconds.
  path: Assets/Art/Free/RPGPP_LT/Models/Nature/rpgpp_lt_hill_small_02.fbx
  artifactKey: Guid(87dc0b67e5fe70f40a31e17b0c0058b4) Importer(815301076,1909f56bfc062723c751e8b465ee728b)
Start importing Assets/Art/Free/RPGPP_LT/Models/Nature/rpgpp_lt_hill_small_02.fbx using Guid(87dc0b67e5fe70f40a31e17b0c0058b4) Importer(815301076,1909f56bfc062723c751e8b465ee728b)  -> (artifact id: '870d7e67aae904b1ffcb911d2318125c') in 0.008015 seconds
Number of updated asset objects reloaded before import = 0
Number of asset objects unloaded after import = 8
========================================================================
Received Import Request.
  Time since last request: 0.000049 seconds.
  path: Assets/Art/Free/RPGPP_LT/Models/Nature/rpgpp_lt_tree_pine_01.fbx
  artifactKey: Guid(58c79ebc04f48c74fa4869c3f7d941fd) Importer(815301076,1909f56bfc062723c751e8b465ee728b)
Start importing Assets/Art/Free/RPGPP_LT/Models/Nature/rpgpp_lt_tree_pine_01.fbx using Guid(58c79ebc04f48c74fa4869c3f7d941fd) Importer(815301076,1909f56bfc062723c751e8b465ee728b)  -> (artifact id: '919a074a30615676e7f416a71873d5dc') in 0.007971 seconds
Number of updated asset objects reloaded before import = 0
Number of asset objects unloaded after import = 8
========================================================================
Received Import Request.
  Time since last request: 0.000212 seconds.
  path: Assets/Art/Free/RPGPP_LT/Models/Nature/rpgpp_lt_rock_small_01.fbx
  artifactKey: Guid(274fdec0feeaa784f96a62f99c4be287) Importer(815301076,1909f56bfc062723c751e8b465ee728b)
Start importing Assets/Art/Free/RPGPP_LT/Models/Nature/rpgpp_lt_rock_small_01.fbx using Guid(274fdec0feeaa784f96a62f99c4be287) Importer(815301076,1909f56bfc062723c751e8b465ee728b)  -> (artifact id: 'df3d22781830b29e5ee4f47ef39c1566') in 0.006578 seconds
Number of updated asset objects reloaded before import = 0
Number of asset objects unloaded after import = 8
========================================================================
Received Import Request.
  Time since last request: 0.000031 seconds.
  path: Assets/Art/Free/RPGPP_LT/Models/Nature/rpgpp_lt_rock_small_02.fbx
  artifactKey: Guid(7110966a22a1bd74c894def7bbb4b8cb) Importer(815301076,1909f56bfc062723c751e8b465ee728b)
Start importing Assets/Art/Free/RPGPP_LT/Models/Nature/rpgpp_lt_rock_small_02.fbx using Guid(7110966a22a1bd74c894def7bbb4b8cb) Importer(815301076,1909f56bfc062723c751e8b465ee728b)  -> (artifact id: '2e5026c2c0e500f474f8847a3616b624') in 0.006465 seconds
Number of updated asset objects reloaded before import = 0
Number of asset objects unloaded after import = 8
========================================================================
Received Import Request.
  Time since last request: 3.782104 seconds.
  path: Assets/Art/Free/RPGPP_LT/Models/Structures/rpgpp_lt_building_02.fbx
  artifactKey: Guid(3ad660daf3a1e02458b9f3eca418861a) Importer(815301076,1909f56bfc062723c751e8b465ee728b)
Start importing Assets/Art/Free/RPGPP_LT/Models/Structures/rpgpp_lt_building_02.fbx using Guid(3ad660daf3a1e02458b9f3eca418861a) Importer(815301076,1909f56bfc062723c751e8b465ee728b)  -> (artifact id: '7eb72c2327b4d607f467f491e8c11616') in 0.010993 seconds
Number of updated asset objects reloaded before import = 0
Number of asset objects unloaded after import = 8
========================================================================
Received Import Request.
  Time since last request: 0.000039 seconds.
  path: Assets/Art/Free/RPGPP_LT/Models/Structures/rpgpp_lt_building_04.fbx
  artifactKey: Guid(cc4034e4bb7d9cd418975561c7bcd316) Importer(815301076,1909f56bfc062723c751e8b465ee728b)
Start importing Assets/Art/Free/RPGPP_LT/Models/Structures/rpgpp_lt_building_04.fbx using Guid(cc4034e4bb7d9cd418975561c7bcd316) Importer(815301076,1909f56bfc062723c751e8b465ee728b)  -> (artifact id: '029bc1de8be4e094699a98fcc74e111c') in 0.009974 seconds
Number of updated asset objects reloaded before import = 0
Number of asset objects unloaded after import = 8
